<?xml version="1.0" encoding="UTF-8"?>
<!-- Generated by org.testng.reporters.JUnitXMLReporter -->
<testsuite hostname="DESKTOP-K5HS959" ignored="0" name="Default test" tests="8" failures="0" timestamp="30 nov 2018 22:16:25 GMT" time="30.891" errors="0">
  <testcase name="loginFacebook" time="6.087" classname="com.test.LoginTest"/>
  <testcase name="loginFacebook" time="4.959" classname="com.test.LoginTest"/>
  <testcase name="loginFacebook" time="4.565" classname="com.test.LoginTest"/>
  <testcase name="loginFacebook" time="4.993" classname="com.test.LoginTest"/>
  <testcase name="testLog" time="0.002" classname="com.test.LoginTest"/>
  <testcase name="testLog" time="0.002" classname="com.test.LoginTest"/>
  <testcase name="testLog" time="0.001" classname="com.test.LoginTest"/>
  <testcase name="testLog" time="0.002" classname="com.test.LoginTest"/>
</testsuite> <!-- Default test -->
